<?xml version="1.0" encoding="UTF-8" ?>

<testsuite failures="0" time="0.466" errors="0" skipped="0" tests="6" name="BasicTest">
  <testcase classname="BasicTest" name="createAndRetrieveUser" time="0.014">
      </testcase>
  <testcase classname="BasicTest" name="tryConnectAsUser" time="0.022">
      </testcase>
  <testcase classname="BasicTest" name="createPost" time="0.024">
      </testcase>
  <testcase classname="BasicTest" name="postComments" time="0.025">
      </testcase>
  <testcase classname="BasicTest" name="useTheCommentsRelation" time="0.053">
      </testcase>
  <testcase classname="BasicTest" name="fullTest" time="0.328">
      </testcase>
</testsuite>
